14/01/24 05:24:48 PM Sunday - Page - INFO - Clicked on element with locator_type: id with the locator_value: com.ajaxsystems:id/authHelloLogin
14/01/24 05:24:49 PM Sunday - Page - INFO - Element with locator_type: id with the locator_value: com.ajaxsystems:id/authLoginForgotPassword is displayed
14/01/24 05:24:49 PM Sunday - Page - INFO - Send text on element with locator_type: xpath with the locator_value: /hierarchy/android.widget.FrameLayout/android.widget.LinearLayout/android.widget.FrameLayout/android.widget.LinearLayout/android.widget.FrameLayout/android.widget.FrameLayout/android.view.ViewGroup/androidx.recyclerview.widget.RecyclerView[1]/android.widget.FrameLayout[1]/androidx.compose.ui.platform.ComposeView/android.view.View/android.widget.EditText
14/01/24 05:24:50 PM Sunday - Page - INFO - Send text on element with locator_type: xpath with the locator_value: /hierarchy/android.widget.FrameLayout/android.widget.LinearLayout/android.widget.FrameLayout/android.widget.LinearLayout/android.widget.FrameLayout/android.widget.FrameLayout/android.view.ViewGroup/androidx.recyclerview.widget.RecyclerView[1]/android.widget.FrameLayout[2]/androidx.compose.ui.platform.ComposeView/android.view.View/android.widget.EditText
14/01/24 05:24:51 PM Sunday - Page - INFO - Clicked on element with locator_type: id with the locator_value: com.ajaxsystems:id/bottomContent
14/01/24 05:24:53 PM Sunday - Page - INFO - Element with locator_type: id with the locator_value: com.ajaxsystems:id/snackbar_action is displayed
14/01/24 05:24:53 PM Sunday - Page - INFO - Clicked on element with locator_type: id with the locator_value: com.ajaxsystems:id/authHelloLogin
14/01/24 05:24:55 PM Sunday - Page - INFO - Element with locator_type: id with the locator_value: com.ajaxsystems:id/authLoginForgotPassword is displayed
14/01/24 05:24:55 PM Sunday - Page - INFO - Send text on element with locator_type: xpath with the locator_value: /hierarchy/android.widget.FrameLayout/android.widget.LinearLayout/android.widget.FrameLayout/android.widget.LinearLayout/android.widget.FrameLayout/android.widget.FrameLayout/android.view.ViewGroup/androidx.recyclerview.widget.RecyclerView[1]/android.widget.FrameLayout[1]/androidx.compose.ui.platform.ComposeView/android.view.View/android.widget.EditText
14/01/24 05:24:56 PM Sunday - Page - INFO - Send text on element with locator_type: xpath with the locator_value: /hierarchy/android.widget.FrameLayout/android.widget.LinearLayout/android.widget.FrameLayout/android.widget.LinearLayout/android.widget.FrameLayout/android.widget.FrameLayout/android.view.ViewGroup/androidx.recyclerview.widget.RecyclerView[1]/android.widget.FrameLayout[2]/androidx.compose.ui.platform.ComposeView/android.view.View/android.widget.EditText
14/01/24 05:24:57 PM Sunday - Page - INFO - Clicked on element with locator_type: id with the locator_value: com.ajaxsystems:id/bottomContent
14/01/24 05:24:57 PM Sunday - Page - INFO - Element with locator_type: id with the locator_value: com.ajaxsystems:id/snackbar_action is displayed
14/01/24 05:24:59 PM Sunday - Page - INFO - Clicked on element with locator_type: id with the locator_value: com.ajaxsystems:id/authHelloLogin
14/01/24 05:25:01 PM Sunday - Page - INFO - Element with locator_type: id with the locator_value: com.ajaxsystems:id/authLoginForgotPassword is displayed
14/01/24 05:25:01 PM Sunday - Page - INFO - Send text on element with locator_type: xpath with the locator_value: /hierarchy/android.widget.FrameLayout/android.widget.LinearLayout/android.widget.FrameLayout/android.widget.LinearLayout/android.widget.FrameLayout/android.widget.FrameLayout/android.view.ViewGroup/androidx.recyclerview.widget.RecyclerView[1]/android.widget.FrameLayout[1]/androidx.compose.ui.platform.ComposeView/android.view.View/android.widget.EditText
14/01/24 05:25:02 PM Sunday - Page - INFO - Send text on element with locator_type: xpath with the locator_value: /hierarchy/android.widget.FrameLayout/android.widget.LinearLayout/android.widget.FrameLayout/android.widget.LinearLayout/android.widget.FrameLayout/android.widget.FrameLayout/android.view.ViewGroup/androidx.recyclerview.widget.RecyclerView[1]/android.widget.FrameLayout[2]/androidx.compose.ui.platform.ComposeView/android.view.View/android.widget.EditText
14/01/24 05:25:03 PM Sunday - Page - INFO - Clicked on element with locator_type: id with the locator_value: com.ajaxsystems:id/bottomContent
14/01/24 05:25:03 PM Sunday - Page - INFO - Element with locator_type: id with the locator_value: com.ajaxsystems:id/snackbar_action is displayed
14/01/24 05:25:04 PM Sunday - Page - INFO - Clicked on element with locator_type: id with the locator_value: com.ajaxsystems:id/authHelloLogin
14/01/24 05:25:06 PM Sunday - Page - INFO - Element with locator_type: id with the locator_value: com.ajaxsystems:id/authLoginForgotPassword is displayed
14/01/24 05:25:06 PM Sunday - Page - INFO - Send text on element with locator_type: xpath with the locator_value: /hierarchy/android.widget.FrameLayout/android.widget.LinearLayout/android.widget.FrameLayout/android.widget.LinearLayout/android.widget.FrameLayout/android.widget.FrameLayout/android.view.ViewGroup/androidx.recyclerview.widget.RecyclerView[1]/android.widget.FrameLayout[1]/androidx.compose.ui.platform.ComposeView/android.view.View/android.widget.EditText
14/01/24 05:25:06 PM Sunday - Page - INFO - Send text on element with locator_type: xpath with the locator_value: /hierarchy/android.widget.FrameLayout/android.widget.LinearLayout/android.widget.FrameLayout/android.widget.LinearLayout/android.widget.FrameLayout/android.widget.FrameLayout/android.view.ViewGroup/androidx.recyclerview.widget.RecyclerView[1]/android.widget.FrameLayout[2]/androidx.compose.ui.platform.ComposeView/android.view.View/android.widget.EditText
14/01/24 05:25:08 PM Sunday - Page - INFO - Clicked on element with locator_type: id with the locator_value: com.ajaxsystems:id/bottomContent
14/01/24 05:25:15 PM Sunday - Page - INFO - Element with locator_type: id with the locator_value: com.ajaxsystems:id/addFirstHub is displayed
14/01/24 05:25:15 PM Sunday - Page - INFO - Clicked on element with locator_type: id with the locator_value: com.ajaxsystems:id/menuDrawer
14/01/24 05:25:16 PM Sunday - Page - INFO - Element with locator_type: id with the locator_value: com.ajaxsystems:id/build is displayed
14/01/24 05:25:16 PM Sunday - Page - INFO - Clicked on element with locator_type: id with the locator_value: com.ajaxsystems:id/menuDrawer
14/01/24 05:25:17 PM Sunday - Page - INFO - Clicked on element with locator_type: id with the locator_value: com.ajaxsystems:id/settings
14/01/24 05:25:18 PM Sunday - Page - INFO - Element with locator_type: xpath with the locator_value: /hierarchy/android.widget.FrameLayout/android.widget.LinearLayout/android.widget.FrameLayout/android.widget.LinearLayout/android.widget.FrameLayout/android.widget.FrameLayout/android.widget.FrameLayout/android.widget.FrameLayout/android.view.ViewGroup/androidx.recyclerview.widget.RecyclerView/android.widget.FrameLayout[1]/androidx.compose.ui.platform.ComposeView/android.view.View/android.widget.TextView[1] is displayed
14/01/24 05:25:19 PM Sunday - Page - INFO - Clicked on element with locator_type: id with the locator_value: com.ajaxsystems:id/menuDrawer
14/01/24 05:25:21 PM Sunday - Page - INFO - Clicked on element with locator_type: id with the locator_value: com.ajaxsystems:id/help
14/01/24 05:25:21 PM Sunday - Page - INFO - Element with locator_type: text with the locator_value: Installation Manuals is displayed
14/01/24 05:25:22 PM Sunday - Page - INFO - Clicked on element with locator_type: id with the locator_value: com.ajaxsystems:id/menuDrawer
14/01/24 05:25:24 PM Sunday - Page - INFO - Clicked on element with locator_type: id with the locator_value: com.ajaxsystems:id/logs
14/01/24 05:25:25 PM Sunday - Page - INFO - Element with locator_type: text with the locator_value: Report a Problem is displayed
14/01/24 05:25:25 PM Sunday - Page - INFO - Clicked on element with locator_type: id with the locator_value: com.ajaxsystems:id/menuDrawer
14/01/24 05:25:27 PM Sunday - Page - INFO - Clicked on element with locator_type: id with the locator_value: com.ajaxsystems:id/addHub
14/01/24 05:25:28 PM Sunday - Page - INFO - Element with locator_type: text with the locator_value: Add Hub is displayed
14/01/24 05:25:28 PM Sunday - Page - INFO - Clicked on element with locator_type: id with the locator_value: com.ajaxsystems:id/menuDrawer
14/01/24 05:25:29 PM Sunday - Page - INFO - Clicked on element with locator_type: id with the locator_value: com.ajaxsystems:id/documentation_text
14/01/24 05:25:31 PM Sunday - Page - INFO - Element with locator_type: xpath with the locator_value: /hierarchy/android.widget.FrameLayout/android.widget.LinearLayout/android.widget.FrameLayout/android.widget.LinearLayout/android.widget.FrameLayout/android.widget.FrameLayout/android.widget.FrameLayout/android.view.ViewGroup/android.view.ViewGroup/android.widget.TextView is displayed
